Overlap matrix:
   1.0000   0.4535  -0.3516        0        0
   0.4535   1.0000        0        0        0
  -0.3516        0   1.0000        0        0
        0        0        0   1.0000        0
        0        0        0        0   1.0000

Orthogonal overlap matrix:
   1.1644  -0.2903   0.2251        0        0
  -0.2903   1.1027  -0.0796        0        0
   0.2251  -0.0796   1.0617        0        0
        0        0        0   1.0000        0
        0        0        0        0   1.0000

Total density matrix:
   0.7758   0.4056  -0.8861        0        0
   0.4056   1.8656   0.2936        0        0
  -0.8861   0.2936   1.3586        0        0
        0        0        0   2.0000        0
        0        0        0        0   2.0000

Wiberg bond order matrix:
        0   0.9497
   0.9497        0

Mayer bond order matrix:
        0   1.1479
   1.1479        0

Mulliken bond order matrix:
        0   0.9909
   0.9909        0

Electron density matrix:
   1.2712
   7.7197

