Overlap matrix:
   1.0000e+00   4.6749e-01  -3.8953e-01            0            0
   4.6749e-01   1.0000e+00  -2.2754e-17            0            0
  -3.8953e-01  -2.2754e-17   1.0000e+00            0            0
            0            0            0   1.0000e+00            0
            0            0            0            0   1.0000e+00

Orthogonal overlap matrix:
   1.1934  -0.3110   0.2592        0        0
  -0.3110   1.1141  -0.0951        0        0
   0.2592  -0.0951   1.0792        0        0
        0        0        0   1.0000        0
        0        0        0        0   1.0000

Total density matrix:
   0.8431   0.4110  -0.8980        0        0
   0.4110   1.8540   0.3191        0        0
  -0.8980   0.3191   1.3030        0        0
        0        0        0   2.0000        0
        0        0        0        0   1.0000

Wiberg bond order matrix:
        0   0.9754
   0.9754        0

Mayer bond order matrix:
        0   1.2348
   1.2348        0

Mulliken bond order matrix:
        0   1.0839
   1.0839        0

Electron density matrix:
   1.3850
   6.6989

